<?xml version="1.0" encoding="UTF-8"?>
<!-- Generated by org.testng.reporters.JUnitReportReporter -->
<testsuite skipped="0" hostname="Bhushan-Bagul" name="com.Pages.TestScenarios.demo" tests="1" failures="0" timestamp="2021-12-29T15:33:39 IST" time="6.101" errors="0">
  <testcase name="dA" time="6.101" classname="com.Pages.TestScenarios.demo"/>
  <system-out/>
</testsuite> <!-- com.Pages.TestScenarios.demo -->
