<?xml version="1.0" encoding="UTF-8"?>
<!-- Generated by org.testng.reporters.JUnitReportReporter -->
<testsuite skipped="0" hostname="Bhushan-Bagul" name="com.Testing.TestScenario.test" tests="1" failures="0" timestamp="2021-12-27T10:09:49 IST" time="8.667" errors="0">
  <testcase name="testCases" time="8.667" classname="com.Testing.TestScenario.test"/>
  <system-out/>
</testsuite> <!-- com.Testing.TestScenario.test -->
